<?xml version="1.0" encoding="UTF-8"?>
<!-- Generated by org.testng.reporters.JUnitXMLReporter -->
<testsuite ignored="0" hostname="DESKTOP-FRE1AQT" failures="0" tests="12" name="Default test" time="38.392" errors="0" timestamp="02 Oct 2024 07:55:21 GMT">
  <testcase classname="com.booking.hotel.BookingHotel" name="bookingHotel" time="5.855"/>
  <testcase classname="com.booking.hotel.BookingHotel" name="searchHotel" time="6.082"/>
  <testcase classname="com.booking.hotel.BookingHotel" name="selectHotel" time="0.137"/>
  <testcase classname="com.booking.hotel.BookingHotel" name="hotelNameAndPrizes" time="3.27"/>
  <testcase classname="com.booking.hotel.BookingHotel" name="hotelNameText" time="1.605"/>
  <testcase classname="com.booking.hotel.BookingHotel" name="guestDetail" time="1.435"/>
  <testcase classname="com.booking.hotel.BookingHotel" name="gstDeatils" time="0.987"/>
  <testcase classname="com.booking.hotel.BookingHotel" name="specialReq" time="0.458"/>
  <testcase classname="com.booking.hotel.BookingHotel" name="payment" time="2.497"/>
  <testcase classname="com.booking.hotel.BookingHotel" name="orderId" time="4.295"/>
  <testcase classname="com.booking.hotel.BookingHotel" name="editBooking" time="2.584"/>
  <testcase classname="com.booking.hotel.BookingHotel" name="cancelBooking" time="4.223"/>
</testsuite> <!-- Default test -->
