<?xml version="1.0" encoding="UTF-8"?>
<testng-results ignored="0" total="1" passed="1" failed="0" skipped="0">
  <reporter-output>
  </reporter-output>
  <suite started-at="2024-10-01T19:11:22Z" name="Default suite" finished-at="2024-10-01T19:12:09Z" duration-ms="47463">
    <groups>
    </groups>
    <test started-at="2024-10-01T19:11:22Z" name="Default test" finished-at="2024-10-01T19:12:09Z" duration-ms="47463">
      <class name="com.booking.hotel.BookingHotel">
        <test-method is-config="true" signature="beforeClass()[pri:0, instance:com.booking.hotel.BookingHotel@416c58f5]" started-at="2024-10-01T19:11:22Z" name="beforeClass" finished-at="2024-10-01T19:11:27Z" duration-ms="5164" status="PASS">
          <reporter-output>
          </reporter-output>
        </test-method> <!-- beforeClass -->
        <test-method signature="bookingHotel()[pri:0, instance:com.booking.hotel.BookingHotel@416c58f5]" started-at="2024-10-01T19:11:27Z" name="bookingHotel" finished-at="2024-10-01T19:12:09Z" duration-ms="42250" status="PASS">
          <reporter-output>
          </reporter-output>
        </test-method> <!-- bookingHotel -->
      </class> <!-- com.booking.hotel.BookingHotel -->
    </test> <!-- Default test -->
  </suite> <!-- Default suite -->
</testng-results>
